This file contains any messages produced by compilers while
running configure, to aid debugging if configure makes a mistake.

It was created by curve configure 1.1.0, which was
generated by GNU Autoconf 2.68.  Invocation command line was

  $ ./configure 

## --------- ##
## Platform. ##
## --------- ##

hostname = ip-172-31-45-234
uname -m = x86_64
uname -r = 3.2.0-60-virtual
uname -s = Linux
uname -v = #91-Ubuntu SMP Wed Feb 19 04:13:28 UTC 2014

/usr/bin/uname -p = unknown
/bin/uname -X     = unknown

/bin/arch              = unknown
/usr/bin/arch -k       = unknown
/usr/convex/getsysinfo = unknown
/usr/bin/hostinfo      = unknown
/bin/machine           = unknown
/usr/bin/oslevel       = unknown
/bin/universe          = unknown

PATH: /opt/bitnami/sqlite/bin
PATH: /opt/bitnami/java/bin
PATH: /opt/bitnami/php/bin
PATH: /opt/bitnami/mysql/bin
PATH: /opt/bitnami/apache2/bin
PATH: /opt/bitnami/common/bin
PATH: /usr/local/sbin
PATH: /usr/local/bin
PATH: /usr/sbin
PATH: /usr/bin
PATH: /sbin
PATH: /bin
PATH: /usr/games


## ----------- ##
## Core tests. ##
## ----------- ##

configure:2351: checking for a BSD-compatible install
configure:2419: result: /usr/bin/install -c
configure:2430: checking whether build environment is sane
configure:2480: result: yes
configure:2621: checking for a thread-safe mkdir -p
configure:2660: result: /bin/mkdir -p
configure:2673: checking for gawk
configure:2703: result: no
configure:2673: checking for mawk
configure:2689: found /usr/bin/mawk
configure:2700: result: mawk
configure:2711: checking whether make sets $(MAKE)
configure:2733: result: yes
configure:2808: checking how to create a ustar tar archive
configure:2821: tar --version
tar (GNU tar) 1.26
Copyright (C) 2011 Free Software Foundation, Inc.
License GPLv3+: GNU GPL version 3 or later <http://gnu.org/licenses/gpl.html>.
This is free software: you are free to change and redistribute it.
There is NO WARRANTY, to the extent permitted by law.

Written by John Gilmore and Jay Fenlason.
configure:2824: $? = 0
configure:2864: tardir=conftest.dir && eval tar --format=ustar -chf - "$tardir" >conftest.tar
configure:2867: $? = 0
configure:2871: tar -xf - <conftest.tar
configure:2874: $? = 0
configure:2887: result: gnutar
configure:2980: checking for gcc
configure:2996: found /usr/bin/gcc
configure:3007: result: gcc
configure:3236: checking for C compiler version
configure:3245: gcc --version >&5
gcc (Ubuntu/Linaro 4.6.3-1ubuntu5) 4.6.3
Copyright (C) 2011 Free Software Foundation, Inc.
This is free software; see the source for copying conditions.  There is NO
warranty; not even for MERCHANTABILITY or FITNESS FOR A PARTICULAR PURPOSE.

configure:3256: $? = 0
configure:3245: gcc -v >&5
Using built-in specs.
COLLECT_GCC=gcc
COLLECT_LTO_WRAPPER=/usr/lib/gcc/x86_64-linux-gnu/4.6/lto-wrapper
Target: x86_64-linux-gnu
Configured with: ../src/configure -v --with-pkgversion='Ubuntu/Linaro 4.6.3-1ubuntu5' --with-bugurl=file:///usr/share/doc/gcc-4.6/README.Bugs --enable-languages=c,c++,fortran,objc,obj-c++ --prefix=/usr --program-suffix=-4.6 --enable-shared --enable-linker-build-id --with-system-zlib --libexecdir=/usr/lib --without-included-gettext --enable-threads=posix --with-gxx-include-dir=/usr/include/c++/4.6 --libdir=/usr/lib --enable-nls --with-sysroot=/ --enable-clocale=gnu --enable-libstdcxx-debug --enable-libstdcxx-time=yes --enable-gnu-unique-object --enable-plugin --enable-objc-gc --disable-werror --with-arch-32=i686 --with-tune=generic --enable-checking=release --build=x86_64-linux-gnu --host=x86_64-linux-gnu --target=x86_64-linux-gnu
Thread model: posix
gcc version 4.6.3 (Ubuntu/Linaro 4.6.3-1ubuntu5) 
configure:3256: $? = 0
configure:3245: gcc -V >&5
gcc: error: unrecognized option '-V'
gcc: fatal error: no input files
compilation terminated.
configure:3256: $? = 4
configure:3245: gcc -qversion >&5
gcc: error: unrecognized option '-qversion'
gcc: fatal error: no input files
compilation terminated.
configure:3256: $? = 4
configure:3276: checking whether the C compiler works
configure:3298: gcc    conftest.c  >&5
configure:3302: $? = 0
configure:3350: result: yes
configure:3353: checking for C compiler default output file name
configure:3355: result: a.out
configure:3361: checking for suffix of executables
configure:3368: gcc -o conftest    conftest.c  >&5
configure:3372: $? = 0
configure:3394: result: 
configure:3416: checking whether we are cross compiling
configure:3424: gcc -o conftest    conftest.c  >&5
configure:3428: $? = 0
configure:3435: ./conftest
configure:3439: $? = 0
configure:3454: result: no
configure:3459: checking for suffix of object files
configure:3481: gcc -c   conftest.c >&5
configure:3485: $? = 0
configure:3506: result: o
configure:3510: checking whether we are using the GNU C compiler
configure:3529: gcc -c   conftest.c >&5
configure:3529: $? = 0
configure:3538: result: yes
configure:3547: checking whether gcc accepts -g
configure:3567: gcc -c -g  conftest.c >&5
configure:3567: $? = 0
configure:3608: result: yes
configure:3625: checking for gcc option to accept ISO C89
configure:3689: gcc  -c -g -O2  conftest.c >&5
configure:3689: $? = 0
configure:3702: result: none needed
configure:3733: checking for style of include used by make
configure:3761: result: GNU
configure:3787: checking dependency style of gcc
configure:3898: result: gcc3
configure:3913: checking for gcc option to accept ISO C99
configure:4062: gcc  -c -g -O2  conftest.c >&5
conftest.c:64:29: error: expected ';', ',' or ')' before 'text'
conftest.c: In function 'main':
conftest.c:118:18: error: expected '=', ',', ';', 'asm' or '__attribute__' before 'newvar'
conftest.c:118:18: error: 'newvar' undeclared (first use in this function)
conftest.c:118:18: note: each undeclared identifier is reported only once for each function it appears in
conftest.c:128:3: error: 'for' loop initial declarations are only allowed in C99 mode
conftest.c:128:3: note: use option -std=c99 or -std=gnu99 to compile your code
configure:4062: $? = 1
configure: failed program was:
| /* confdefs.h */
| #define PACKAGE_NAME "curve"
| #define PACKAGE_TARNAME "curve"
| #define PACKAGE_VERSION "1.1.0"
| #define PACKAGE_STRING "curve 1.1.0"
| #define PACKAGE_BUGREPORT "zeromq-dev@lists.zeromq.org"
| #define PACKAGE_URL ""
| #define PACKAGE "curve"
| #define VERSION "1.1.0"
| #define PACKAGE_VERSION_MAJOR 1
| #define PACKAGE_VERSION_MINOR 1
| #define PACKAGE_VERSION_PATCH 0
| /* end confdefs.h.  */
| #include <stdarg.h>
| #include <stdbool.h>
| #include <stdlib.h>
| #include <wchar.h>
| #include <stdio.h>
| 
| // Check varargs macros.  These examples are taken from C99 6.10.3.5.
| #define debug(...) fprintf (stderr, __VA_ARGS__)
| #define showlist(...) puts (#__VA_ARGS__)
| #define report(test,...) ((test) ? puts (#test) : printf (__VA_ARGS__))
| static void
| test_varargs_macros (void)
| {
|   int x = 1234;
|   int y = 5678;
|   debug ("Flag");
|   debug ("X = %d\n", x);
|   showlist (The first, second, and third items.);
|   report (x>y, "x is %d but y is %d", x, y);
| }
| 
| // Check long long types.
| #define BIG64 18446744073709551615ull
| #define BIG32 4294967295ul
| #define BIG_OK (BIG64 / BIG32 == 4294967297ull && BIG64 % BIG32 == 0)
| #if !BIG_OK
|   your preprocessor is broken;
| #endif
| #if BIG_OK
| #else
|   your preprocessor is broken;
| #endif
| static long long int bignum = -9223372036854775807LL;
| static unsigned long long int ubignum = BIG64;
| 
| struct incomplete_array
| {
|   int datasize;
|   double data[];
| };
| 
| struct named_init {
|   int number;
|   const wchar_t *name;
|   double average;
| };
| 
| typedef const char *ccp;
| 
| static inline int
| test_restrict (ccp restrict text)
| {
|   // See if C++-style comments work.
|   // Iterate through items via the restricted pointer.
|   // Also check for declarations in for loops.
|   for (unsigned int i = 0; *(text+i) != '\0'; ++i)
|     continue;
|   return 0;
| }
| 
| // Check varargs and va_copy.
| static void
| test_varargs (const char *format, ...)
| {
|   va_list args;
|   va_start (args, format);
|   va_list args_copy;
|   va_copy (args_copy, args);
| 
|   const char *str;
|   int number;
|   float fnumber;
| 
|   while (*format)
|     {
|       switch (*format++)
| 	{
| 	case 's': // string
| 	  str = va_arg (args_copy, const char *);
| 	  break;
| 	case 'd': // int
| 	  number = va_arg (args_copy, int);
| 	  break;
| 	case 'f': // float
| 	  fnumber = va_arg (args_copy, double);
| 	  break;
| 	default:
| 	  break;
| 	}
|     }
|   va_end (args_copy);
|   va_end (args);
| }
| 
| int
| main ()
| {
| 
|   // Check bool.
|   _Bool success = false;
| 
|   // Check restrict.
|   if (test_restrict ("String literal") == 0)
|     success = true;
|   char *restrict newvar = "Another string";
| 
|   // Check varargs.
|   test_varargs ("s, d' f .", "string", 65, 34.234);
|   test_varargs_macros ();
| 
|   // Check flexible array members.
|   struct incomplete_array *ia =
|     malloc (sizeof (struct incomplete_array) + (sizeof (double) * 10));
|   ia->datasize = 10;
|   for (int i = 0; i < ia->datasize; ++i)
|     ia->data[i] = i * 1.234;
| 
|   // Check named initializers.
|   struct named_init ni = {
|     .number = 34,
|     .name = L"Test wide string",
|     .average = 543.34343,
|   };
| 
|   ni.number = 58;
| 
|   int dynamic_array[ni.number];
|   dynamic_array[ni.number - 1] = 543;
| 
|   // work around unused variable warnings
|   return (!success || bignum == 0LL || ubignum == 0uLL || newvar[0] == 'x'
| 	  || dynamic_array[ni.number - 1] != 543);
| 
|   ;
|   return 0;
| }
configure:4062: gcc -std=gnu99 -c -g -O2  conftest.c >&5
configure:4062: $? = 0
configure:4082: result: -std=gnu99
configure:4091: checking whether gcc -std=gnu99 and cc understand -c and -o together
configure:4122: gcc -std=gnu99 -c conftest.c -o conftest2.o >&5
configure:4126: $? = 0
configure:4132: gcc -std=gnu99 -c conftest.c -o conftest2.o >&5
configure:4136: $? = 0
configure:4147: cc -c conftest.c >&5
configure:4151: $? = 0
configure:4159: cc -c conftest.c -o conftest2.o >&5
configure:4163: $? = 0
configure:4169: cc -c conftest.c -o conftest2.o >&5
configure:4173: $? = 0
configure:4191: result: yes
configure:4220: checking build system type
configure:4234: result: x86_64-unknown-linux-gnu
configure:4254: checking host system type
configure:4267: result: x86_64-unknown-linux-gnu
configure:4636: checking how to print strings
configure:4663: result: printf
configure:4684: checking for a sed that does not truncate output
configure:4748: result: /bin/sed
configure:4766: checking for grep that handles long lines and -e
configure:4824: result: /bin/grep
configure:4829: checking for egrep
configure:4891: result: /bin/grep -E
configure:4896: checking for fgrep
configure:4958: result: /bin/grep -F
configure:4993: checking for ld used by gcc -std=gnu99
configure:5060: result: /usr/bin/ld
configure:5067: checking if the linker (/usr/bin/ld) is GNU ld
configure:5082: result: yes
configure:5094: checking for BSD- or MS-compatible name lister (nm)
configure:5143: result: /usr/bin/nm -B
configure:5273: checking the name lister (/usr/bin/nm -B) interface
configure:5280: gcc -std=gnu99 -c -g -O2  conftest.c >&5
configure:5283: /usr/bin/nm -B "conftest.o"
configure:5286: output
0000000000000000 B some_variable
configure:5293: result: BSD nm
configure:5296: checking whether ln -s works
configure:5300: result: yes
configure:5308: checking the maximum length of command line arguments
configure:5438: result: 1572864
configure:5455: checking whether the shell understands some XSI constructs
configure:5465: result: yes
configure:5469: checking whether the shell understands "+="
configure:5475: result: yes
configure:5510: checking how to convert x86_64-unknown-linux-gnu file names to x86_64-unknown-linux-gnu format
configure:5550: result: func_convert_file_noop
configure:5557: checking how to convert x86_64-unknown-linux-gnu file names to toolchain format
configure:5577: result: func_convert_file_noop
configure:5584: checking for /usr/bin/ld option to reload object files
configure:5591: result: -r
configure:5665: checking for objdump
configure:5692: result: objdump
configure:5721: checking how to recognize dependent libraries
configure:5923: result: pass_all
configure:6008: checking for dlltool
configure:6035: result: dlltool
configure:6065: checking how to associate runtime and link libraries
configure:6092: result: printf %s\n
configure:6153: checking for ar
configure:6169: found /usr/bin/ar
configure:6180: result: ar
configure:6217: checking for archiver @FILE support
configure:6234: gcc -std=gnu99 -c -g -O2  conftest.c >&5
configure:6234: $? = 0
configure:6237: ar cru libconftest.a @conftest.lst >&5
configure:6240: $? = 0
configure:6245: ar cru libconftest.a @conftest.lst >&5
ar: conftest.o: No such file or directory
configure:6248: $? = 1
configure:6260: result: @
configure:6318: checking for strip
configure:6334: found /usr/bin/strip
configure:6345: result: strip
configure:6417: checking for ranlib
configure:6433: found /usr/bin/ranlib
configure:6444: result: ranlib
configure:6546: checking command to parse /usr/bin/nm -B output from gcc -std=gnu99 object
configure:6666: gcc -std=gnu99 -c -g -O2  conftest.c >&5
configure:6669: $? = 0
configure:6673: /usr/bin/nm -B conftest.o \| sed -n -e 's/^.*[ ]\([ABCDGIRSTW][ABCDGIRSTW]*\)[ ][ ]*\([_A-Za-z][_A-Za-z0-9]*\)$/\1 \2 \2/p' | sed '/ __gnu_lto/d' \> conftest.nm
configure:6676: $? = 0
configure:6742: gcc -std=gnu99 -o conftest -g -O2   conftest.c conftstm.o >&5
configure:6745: $? = 0
configure:6783: result: ok
configure:6820: checking for sysroot
configure:6850: result: no
configure:6927: gcc -std=gnu99 -c -g -O2  conftest.c >&5
configure:6930: $? = 0
configure:7106: checking for mt
configure:7122: found /bin/mt
configure:7133: result: mt
configure:7156: checking if mt is a manifest tool
configure:7162: mt '-?'
configure:7170: result: no
configure:7812: checking how to run the C preprocessor
configure:7843: gcc -std=gnu99 -E  conftest.c
configure:7843: $? = 0
configure:7857: gcc -std=gnu99 -E  conftest.c
conftest.c:14:28: fatal error: ac_nonexistent.h: No such file or directory
compilation terminated.
configure:7857: $? = 1
configure: failed program was:
| /* confdefs.h */
| #define PACKAGE_NAME "curve"
| #define PACKAGE_TARNAME "curve"
| #define PACKAGE_VERSION "1.1.0"
| #define PACKAGE_STRING "curve 1.1.0"
| #define PACKAGE_BUGREPORT "zeromq-dev@lists.zeromq.org"
| #define PACKAGE_URL ""
| #define PACKAGE "curve"
| #define VERSION "1.1.0"
| #define PACKAGE_VERSION_MAJOR 1
| #define PACKAGE_VERSION_MINOR 1
| #define PACKAGE_VERSION_PATCH 0
| /* end confdefs.h.  */
| #include <ac_nonexistent.h>
configure:7882: result: gcc -std=gnu99 -E
configure:7902: gcc -std=gnu99 -E  conftest.c
configure:7902: $? = 0
configure:7916: gcc -std=gnu99 -E  conftest.c
conftest.c:14:28: fatal error: ac_nonexistent.h: No such file or directory
compilation terminated.
configure:7916: $? = 1
configure: failed program was:
| /* confdefs.h */
| #define PACKAGE_NAME "curve"
| #define PACKAGE_TARNAME "curve"
| #define PACKAGE_VERSION "1.1.0"
| #define PACKAGE_STRING "curve 1.1.0"
| #define PACKAGE_BUGREPORT "zeromq-dev@lists.zeromq.org"
| #define PACKAGE_URL ""
| #define PACKAGE "curve"
| #define VERSION "1.1.0"
| #define PACKAGE_VERSION_MAJOR 1
| #define PACKAGE_VERSION_MINOR 1
| #define PACKAGE_VERSION_PATCH 0
| /* end confdefs.h.  */
| #include <ac_nonexistent.h>
configure:7945: checking for ANSI C header files
configure:7965: gcc -std=gnu99 -c -g -O2  conftest.c >&5
configure:7965: $? = 0
configure:8038: gcc -std=gnu99 -o conftest -g -O2   conftest.c  >&5
configure:8038: $? = 0
configure:8038: ./conftest
configure:8038: $? = 0
configure:8049: result: yes
configure:8062: checking for sys/types.h
configure:8062: gcc -std=gnu99 -c -g -O2  conftest.c >&5
configure:8062: $? = 0
configure:8062: result: yes
configure:8062: checking for sys/stat.h
configure:8062: gcc -std=gnu99 -c -g -O2  conftest.c >&5
configure:8062: $? = 0
configure:8062: result: yes
configure:8062: checking for stdlib.h
configure:8062: gcc -std=gnu99 -c -g -O2  conftest.c >&5
configure:8062: $? = 0
configure:8062: result: yes
configure:8062: checking for string.h
configure:8062: gcc -std=gnu99 -c -g -O2  conftest.c >&5
configure:8062: $? = 0
configure:8062: result: yes
configure:8062: checking for memory.h
configure:8062: gcc -std=gnu99 -c -g -O2  conftest.c >&5
configure:8062: $? = 0
configure:8062: result: yes
configure:8062: checking for strings.h
configure:8062: gcc -std=gnu99 -c -g -O2  conftest.c >&5
configure:8062: $? = 0
configure:8062: result: yes
configure:8062: checking for inttypes.h
configure:8062: gcc -std=gnu99 -c -g -O2  conftest.c >&5
configure:8062: $? = 0
configure:8062: result: yes
configure:8062: checking for stdint.h
configure:8062: gcc -std=gnu99 -c -g -O2  conftest.c >&5
configure:8062: $? = 0
configure:8062: result: yes
configure:8062: checking for unistd.h
configure:8062: gcc -std=gnu99 -c -g -O2  conftest.c >&5
configure:8062: $? = 0
configure:8062: result: yes
configure:8076: checking for dlfcn.h
configure:8076: gcc -std=gnu99 -c -g -O2  conftest.c >&5
configure:8076: $? = 0
configure:8076: result: yes
configure:8280: checking for objdir
configure:8295: result: .libs
configure:8566: checking if gcc -std=gnu99 supports -fno-rtti -fno-exceptions
configure:8584: gcc -std=gnu99 -c -g -O2  -fno-rtti -fno-exceptions conftest.c >&5
cc1: warning: command line option '-fno-rtti' is valid for C++/ObjC++ but not for C [enabled by default]
configure:8588: $? = 0
configure:8601: result: no
configure:8928: checking for gcc -std=gnu99 option to produce PIC
configure:8935: result: -fPIC -DPIC
configure:8943: checking if gcc -std=gnu99 PIC flag -fPIC -DPIC works
configure:8961: gcc -std=gnu99 -c -g -O2  -fPIC -DPIC -DPIC conftest.c >&5
configure:8965: $? = 0
configure:8978: result: yes
configure:9007: checking if gcc -std=gnu99 static flag -static works
configure:9035: result: yes
configure:9050: checking if gcc -std=gnu99 supports -c -o file.o
configure:9071: gcc -std=gnu99 -c -g -O2  -o out/conftest2.o conftest.c >&5
configure:9075: $? = 0
configure:9097: result: yes
configure:9105: checking if gcc -std=gnu99 supports -c -o file.o
configure:9152: result: yes
configure:9185: checking whether the gcc -std=gnu99 linker (/usr/bin/ld -m elf_x86_64) supports shared libraries
configure:10342: result: yes
configure:10379: checking whether -lc should be explicitly linked in
configure:10387: gcc -std=gnu99 -c -g -O2  conftest.c >&5
configure:10390: $? = 0
configure:10405: gcc -std=gnu99 -shared  -fPIC -DPIC conftest.o  -v -Wl,-soname -Wl,conftest -o conftest 2\>\&1 \| /bin/grep  -lc  \>/dev/null 2\>\&1
configure:10408: $? = 0
configure:10422: result: no
configure:10582: checking dynamic linker characteristics
configure:11093: gcc -std=gnu99 -o conftest -g -O2   -Wl,-rpath -Wl,/foo conftest.c  >&5
configure:11093: $? = 0
configure:11327: result: GNU/Linux ld.so
configure:11434: checking how to hardcode library paths into programs
configure:11459: result: immediate
configure:11999: checking whether stripping libraries is possible
configure:12004: result: yes
configure:12039: checking if libtool supports shared libraries
configure:12041: result: yes
configure:12044: checking whether to build shared libraries
configure:12065: result: yes
configure:12068: checking whether to build static libraries
configure:12072: result: yes
configure:12109: checking for a sed that does not truncate output
configure:12173: result: /bin/sed
configure:12182: checking for gawk
configure:12209: result: mawk
configure:12222: checking for pthread_create in -lpthread
configure:12247: gcc -std=gnu99 -o conftest -g -O2   conftest.c -lpthread   >&5
configure:12247: $? = 0
configure:12256: result: yes
configure:12301: checking for zmq_init in -lzmq
configure:12326: gcc -std=gnu99 -o conftest -g -O2   conftest.c -lzmq  -lpthread  >&5
configure:12326: $? = 0
configure:12335: result: yes
configure:12349: checking whether libzmq installation works
configure:12363: gcc -std=gnu99 -o conftest -g -O2   conftest.c -lzmq -lpthread  >&5
configure:12363: $? = 0
configure:12364: result: yes
configure:12389: checking for zctx_new in -lczmq
configure:12414: gcc -std=gnu99 -o conftest -g -O2   conftest.c -lczmq  -lzmq -lpthread  >&5
configure:12414: $? = 0
configure:12423: result: yes
configure:12437: checking whether libczmq installation works
configure:12451: gcc -std=gnu99 -o conftest -g -O2   conftest.c -lczmq -lzmq -lpthread  >&5
configure:12451: $? = 0
configure:12452: result: yes
configure:12460: checking for sodium_init in -lsodium
configure:12485: gcc -std=gnu99 -o conftest -g -O2   conftest.c -lsodium  -lczmq -lzmq -lpthread  >&5
configure:12485: $? = 0
configure:12494: result: yes
configure:12522: checking for asciidoc
configure:12550: result: no
configure:12560: checking for xmlto
configure:12588: result: no
configure:12601: WARNING: You are building an unreleased version of Curve and asciidoc or xmlto are not installed.
configure:12603: WARNING: Documentation will not be built and manual pages will not be installed.
configure:12607: checking whether to build documentation
configure:12609: result: no
configure:12611: checking whether to install manpages
configure:12613: result: no
configure:12724: checking for ANSI C header files
configure:12828: result: yes
configure:12840: checking errno.h usability
configure:12840: gcc -std=gnu99 -c -g -O2 -D_GNU_SOURCE -DLINUX -D_REENTRANT -D_THREAD_SAFE  conftest.c >&5
configure:12840: $? = 0
configure:12840: result: yes
configure:12840: checking errno.h presence
configure:12840: gcc -std=gnu99 -E -D_GNU_SOURCE -DLINUX -D_REENTRANT -D_THREAD_SAFE  conftest.c
configure:12840: $? = 0
configure:12840: result: yes
configure:12840: checking for errno.h
configure:12840: result: yes
configure:12840: checking arpa/inet.h usability
configure:12840: gcc -std=gnu99 -c -g -O2 -D_GNU_SOURCE -DLINUX -D_REENTRANT -D_THREAD_SAFE  conftest.c >&5
configure:12840: $? = 0
configure:12840: result: yes
configure:12840: checking arpa/inet.h presence
configure:12840: gcc -std=gnu99 -E -D_GNU_SOURCE -DLINUX -D_REENTRANT -D_THREAD_SAFE  conftest.c
configure:12840: $? = 0
configure:12840: result: yes
configure:12840: checking for arpa/inet.h
configure:12840: result: yes
configure:12840: checking netinet/tcp.h usability
configure:12840: gcc -std=gnu99 -c -g -O2 -D_GNU_SOURCE -DLINUX -D_REENTRANT -D_THREAD_SAFE  conftest.c >&5
configure:12840: $? = 0
configure:12840: result: yes
configure:12840: checking netinet/tcp.h presence
configure:12840: gcc -std=gnu99 -E -D_GNU_SOURCE -DLINUX -D_REENTRANT -D_THREAD_SAFE  conftest.c
configure:12840: $? = 0
configure:12840: result: yes
configure:12840: checking for netinet/tcp.h
configure:12840: result: yes
configure:12840: checking netinet/in.h usability
configure:12840: gcc -std=gnu99 -c -g -O2 -D_GNU_SOURCE -DLINUX -D_REENTRANT -D_THREAD_SAFE  conftest.c >&5
configure:12840: $? = 0
configure:12840: result: yes
configure:12840: checking netinet/in.h presence
configure:12840: gcc -std=gnu99 -E -D_GNU_SOURCE -DLINUX -D_REENTRANT -D_THREAD_SAFE  conftest.c
configure:12840: $? = 0
configure:12840: result: yes
configure:12840: checking for netinet/in.h
configure:12840: result: yes
configure:12840: checking stddef.h usability
configure:12840: gcc -std=gnu99 -c -g -O2 -D_GNU_SOURCE -DLINUX -D_REENTRANT -D_THREAD_SAFE  conftest.c >&5
configure:12840: $? = 0
configure:12840: result: yes
configure:12840: checking stddef.h presence
configure:12840: gcc -std=gnu99 -E -D_GNU_SOURCE -DLINUX -D_REENTRANT -D_THREAD_SAFE  conftest.c
configure:12840: $? = 0
configure:12840: result: yes
configure:12840: checking for stddef.h
configure:12840: result: yes
configure:12840: checking for stdlib.h
configure:12840: result: yes
configure:12840: checking for string.h
configure:12840: result: yes
configure:12840: checking sys/socket.h usability
configure:12840: gcc -std=gnu99 -c -g -O2 -D_GNU_SOURCE -DLINUX -D_REENTRANT -D_THREAD_SAFE  conftest.c >&5
configure:12840: $? = 0
configure:12840: result: yes
configure:12840: checking sys/socket.h presence
configure:12840: gcc -std=gnu99 -E -D_GNU_SOURCE -DLINUX -D_REENTRANT -D_THREAD_SAFE  conftest.c
configure:12840: $? = 0
configure:12840: result: yes
configure:12840: checking for sys/socket.h
configure:12840: result: yes
configure:12840: checking sys/time.h usability
configure:12840: gcc -std=gnu99 -c -g -O2 -D_GNU_SOURCE -DLINUX -D_REENTRANT -D_THREAD_SAFE  conftest.c >&5
configure:12840: $? = 0
configure:12840: result: yes
configure:12840: checking sys/time.h presence
configure:12840: gcc -std=gnu99 -E -D_GNU_SOURCE -DLINUX -D_REENTRANT -D_THREAD_SAFE  conftest.c
configure:12840: $? = 0
configure:12840: result: yes
configure:12840: checking for sys/time.h
configure:12840: result: yes
configure:12840: checking for unistd.h
configure:12840: result: yes
configure:12840: checking limits.h usability
configure:12840: gcc -std=gnu99 -c -g -O2 -D_GNU_SOURCE -DLINUX -D_REENTRANT -D_THREAD_SAFE  conftest.c >&5
configure:12840: $? = 0
configure:12840: result: yes
configure:12840: checking limits.h presence
configure:12840: gcc -std=gnu99 -E -D_GNU_SOURCE -DLINUX -D_REENTRANT -D_THREAD_SAFE  conftest.c
configure:12840: $? = 0
configure:12840: result: yes
configure:12840: checking for limits.h
configure:12840: result: yes
configure:12853: checking for net/if.h
configure:12853: gcc -std=gnu99 -c -g -O2 -D_GNU_SOURCE -DLINUX -D_REENTRANT -D_THREAD_SAFE  conftest.c >&5
configure:12853: $? = 0
configure:12853: result: yes
configure:12853: checking for net/if_media.h
configure:12853: gcc -std=gnu99 -c -g -O2 -D_GNU_SOURCE -DLINUX -D_REENTRANT -D_THREAD_SAFE  conftest.c >&5
conftest.c:50:26: fatal error: net/if_media.h: No such file or directory
compilation terminated.
configure:12853: $? = 1
configure: failed program was:
| /* confdefs.h */
| #define PACKAGE_NAME "curve"
| #define PACKAGE_TARNAME "curve"
| #define PACKAGE_VERSION "1.1.0"
| #define PACKAGE_STRING "curve 1.1.0"
| #define PACKAGE_BUGREPORT "zeromq-dev@lists.zeromq.org"
| #define PACKAGE_URL ""
| #define PACKAGE "curve"
| #define VERSION "1.1.0"
| #define PACKAGE_VERSION_MAJOR 1
| #define PACKAGE_VERSION_MINOR 1
| #define PACKAGE_VERSION_PATCH 0
| #define STDC_HEADERS 1
| #define HAVE_SYS_TYPES_H 1
| #define HAVE_SYS_STAT_H 1
| #define HAVE_STDLIB_H 1
| #define HAVE_STRING_H 1
| #define HAVE_MEMORY_H 1
| #define HAVE_STRINGS_H 1
| #define HAVE_INTTYPES_H 1
| #define HAVE_STDINT_H 1
| #define HAVE_UNISTD_H 1
| #define HAVE_DLFCN_H 1
| #define LT_OBJDIR ".libs/"
| #define HAVE_LIBPTHREAD 1
| #define HAVE_LIBZMQ 1
| #define HAVE_LIBCZMQ 1
| #define HAVE_LIBSODIUM 1
| #define HAVE_LINUX 1
| #define STDC_HEADERS 1
| #define HAVE_ERRNO_H 1
| #define HAVE_ARPA_INET_H 1
| #define HAVE_NETINET_TCP_H 1
| #define HAVE_NETINET_IN_H 1
| #define HAVE_STDDEF_H 1
| #define HAVE_STDLIB_H 1
| #define HAVE_STRING_H 1
| #define HAVE_SYS_SOCKET_H 1
| #define HAVE_SYS_TIME_H 1
| #define HAVE_UNISTD_H 1
| #define HAVE_LIMITS_H 1
| #define HAVE_NET_IF_H 1
| /* end confdefs.h.  */
| 
| #ifdef HAVE_SYS_SOCKET_H
| # include <sys/socket.h>
| #endif
| 
| 
| #include <net/if_media.h>
configure:12853: result: no
configure:12853: checking for linux/wireless.h
configure:12853: gcc -std=gnu99 -c -g -O2 -D_GNU_SOURCE -DLINUX -D_REENTRANT -D_THREAD_SAFE  conftest.c >&5
configure:12853: $? = 0
configure:12853: result: yes
configure:12870: checking for stdbool.h that conforms to C99
configure:12937: gcc -std=gnu99 -c -g -O2 -D_GNU_SOURCE -DLINUX -D_REENTRANT -D_THREAD_SAFE  conftest.c >&5
configure:12937: $? = 0
configure:12944: result: yes
configure:12946: checking for _Bool
configure:12946: gcc -std=gnu99 -c -g -O2 -D_GNU_SOURCE -DLINUX -D_REENTRANT -D_THREAD_SAFE  conftest.c >&5
configure:12946: $? = 0
configure:12946: gcc -std=gnu99 -c -g -O2 -D_GNU_SOURCE -DLINUX -D_REENTRANT -D_THREAD_SAFE  conftest.c >&5
conftest.c: In function 'main':
conftest.c:81:20: error: expected expression before ')' token
configure:12946: $? = 1
configure: failed program was:
| /* confdefs.h */
| #define PACKAGE_NAME "curve"
| #define PACKAGE_TARNAME "curve"
| #define PACKAGE_VERSION "1.1.0"
| #define PACKAGE_STRING "curve 1.1.0"
| #define PACKAGE_BUGREPORT "zeromq-dev@lists.zeromq.org"
| #define PACKAGE_URL ""
| #define PACKAGE "curve"
| #define VERSION "1.1.0"
| #define PACKAGE_VERSION_MAJOR 1
| #define PACKAGE_VERSION_MINOR 1
| #define PACKAGE_VERSION_PATCH 0
| #define STDC_HEADERS 1
| #define HAVE_SYS_TYPES_H 1
| #define HAVE_SYS_STAT_H 1
| #define HAVE_STDLIB_H 1
| #define HAVE_STRING_H 1
| #define HAVE_MEMORY_H 1
| #define HAVE_STRINGS_H 1
| #define HAVE_INTTYPES_H 1
| #define HAVE_STDINT_H 1
| #define HAVE_UNISTD_H 1
| #define HAVE_DLFCN_H 1
| #define LT_OBJDIR ".libs/"
| #define HAVE_LIBPTHREAD 1
| #define HAVE_LIBZMQ 1
| #define HAVE_LIBCZMQ 1
| #define HAVE_LIBSODIUM 1
| #define HAVE_LINUX 1
| #define STDC_HEADERS 1
| #define HAVE_ERRNO_H 1
| #define HAVE_ARPA_INET_H 1
| #define HAVE_NETINET_TCP_H 1
| #define HAVE_NETINET_IN_H 1
| #define HAVE_STDDEF_H 1
| #define HAVE_STDLIB_H 1
| #define HAVE_STRING_H 1
| #define HAVE_SYS_SOCKET_H 1
| #define HAVE_SYS_TIME_H 1
| #define HAVE_UNISTD_H 1
| #define HAVE_LIMITS_H 1
| #define HAVE_NET_IF_H 1
| #define HAVE_LINUX_WIRELESS_H 1
| /* end confdefs.h.  */
| #include <stdio.h>
| #ifdef HAVE_SYS_TYPES_H
| # include <sys/types.h>
| #endif
| #ifdef HAVE_SYS_STAT_H
| # include <sys/stat.h>
| #endif
| #ifdef STDC_HEADERS
| # include <stdlib.h>
| # include <stddef.h>
| #else
| # ifdef HAVE_STDLIB_H
| #  include <stdlib.h>
| # endif
| #endif
| #ifdef HAVE_STRING_H
| # if !defined STDC_HEADERS && defined HAVE_MEMORY_H
| #  include <memory.h>
| # endif
| # include <string.h>
| #endif
| #ifdef HAVE_STRINGS_H
| # include <strings.h>
| #endif
| #ifdef HAVE_INTTYPES_H
| # include <inttypes.h>
| #endif
| #ifdef HAVE_STDINT_H
| # include <stdint.h>
| #endif
| #ifdef HAVE_UNISTD_H
| # include <unistd.h>
| #endif
| int
| main ()
| {
| if (sizeof ((_Bool)))
| 	    return 0;
|   ;
|   return 0;
| }
configure:12946: result: yes
configure:12962: checking for an ANSI C-conforming const
configure:13027: gcc -std=gnu99 -c -g -O2 -D_GNU_SOURCE -DLINUX -D_REENTRANT -D_THREAD_SAFE  conftest.c >&5
configure:13027: $? = 0
configure:13034: result: yes
configure:13042: checking for inline
configure:13058: gcc -std=gnu99 -c -g -O2 -D_GNU_SOURCE -DLINUX -D_REENTRANT -D_THREAD_SAFE  conftest.c >&5
configure:13058: $? = 0
configure:13066: result: inline
configure:13084: checking for size_t
configure:13084: gcc -std=gnu99 -c -g -O2 -D_GNU_SOURCE -DLINUX -D_REENTRANT -D_THREAD_SAFE  conftest.c >&5
configure:13084: $? = 0
configure:13084: gcc -std=gnu99 -c -g -O2 -D_GNU_SOURCE -DLINUX -D_REENTRANT -D_THREAD_SAFE  conftest.c >&5
conftest.c: In function 'main':
conftest.c:83:21: error: expected expression before ')' token
configure:13084: $? = 1
configure: failed program was:
| /* confdefs.h */
| #define PACKAGE_NAME "curve"
| #define PACKAGE_TARNAME "curve"
| #define PACKAGE_VERSION "1.1.0"
| #define PACKAGE_STRING "curve 1.1.0"
| #define PACKAGE_BUGREPORT "zeromq-dev@lists.zeromq.org"
| #define PACKAGE_URL ""
| #define PACKAGE "curve"
| #define VERSION "1.1.0"
| #define PACKAGE_VERSION_MAJOR 1
| #define PACKAGE_VERSION_MINOR 1
| #define PACKAGE_VERSION_PATCH 0
| #define STDC_HEADERS 1
| #define HAVE_SYS_TYPES_H 1
| #define HAVE_SYS_STAT_H 1
| #define HAVE_STDLIB_H 1
| #define HAVE_STRING_H 1
| #define HAVE_MEMORY_H 1
| #define HAVE_STRINGS_H 1
| #define HAVE_INTTYPES_H 1
| #define HAVE_STDINT_H 1
| #define HAVE_UNISTD_H 1
| #define HAVE_DLFCN_H 1
| #define LT_OBJDIR ".libs/"
| #define HAVE_LIBPTHREAD 1
| #define HAVE_LIBZMQ 1
| #define HAVE_LIBCZMQ 1
| #define HAVE_LIBSODIUM 1
| #define HAVE_LINUX 1
| #define STDC_HEADERS 1
| #define HAVE_ERRNO_H 1
| #define HAVE_ARPA_INET_H 1
| #define HAVE_NETINET_TCP_H 1
| #define HAVE_NETINET_IN_H 1
| #define HAVE_STDDEF_H 1
| #define HAVE_STDLIB_H 1
| #define HAVE_STRING_H 1
| #define HAVE_SYS_SOCKET_H 1
| #define HAVE_SYS_TIME_H 1
| #define HAVE_UNISTD_H 1
| #define HAVE_LIMITS_H 1
| #define HAVE_NET_IF_H 1
| #define HAVE_LINUX_WIRELESS_H 1
| #define HAVE__BOOL 1
| #define HAVE_STDBOOL_H 1
| /* end confdefs.h.  */
| #include <stdio.h>
| #ifdef HAVE_SYS_TYPES_H
| # include <sys/types.h>
| #endif
| #ifdef HAVE_SYS_STAT_H
| # include <sys/stat.h>
| #endif
| #ifdef STDC_HEADERS
| # include <stdlib.h>
| # include <stddef.h>
| #else
| # ifdef HAVE_STDLIB_H
| #  include <stdlib.h>
| # endif
| #endif
| #ifdef HAVE_STRING_H
| # if !defined STDC_HEADERS && defined HAVE_MEMORY_H
| #  include <memory.h>
| # endif
| # include <string.h>
| #endif
| #ifdef HAVE_STRINGS_H
| # include <strings.h>
| #endif
| #ifdef HAVE_INTTYPES_H
| # include <inttypes.h>
| #endif
| #ifdef HAVE_STDINT_H
| # include <stdint.h>
| #endif
| #ifdef HAVE_UNISTD_H
| # include <unistd.h>
| #endif
| int
| main ()
| {
| if (sizeof ((size_t)))
| 	    return 0;
|   ;
|   return 0;
| }
configure:13084: result: yes
configure:13095: checking for ssize_t
configure:13095: gcc -std=gnu99 -c -g -O2 -D_GNU_SOURCE -DLINUX -D_REENTRANT -D_THREAD_SAFE  conftest.c >&5
configure:13095: $? = 0
configure:13095: gcc -std=gnu99 -c -g -O2 -D_GNU_SOURCE -DLINUX -D_REENTRANT -D_THREAD_SAFE  conftest.c >&5
conftest.c: In function 'main':
conftest.c:83:22: error: expected expression before ')' token
configure:13095: $? = 1
configure: failed program was:
| /* confdefs.h */
| #define PACKAGE_NAME "curve"
| #define PACKAGE_TARNAME "curve"
| #define PACKAGE_VERSION "1.1.0"
| #define PACKAGE_STRING "curve 1.1.0"
| #define PACKAGE_BUGREPORT "zeromq-dev@lists.zeromq.org"
| #define PACKAGE_URL ""
| #define PACKAGE "curve"
| #define VERSION "1.1.0"
| #define PACKAGE_VERSION_MAJOR 1
| #define PACKAGE_VERSION_MINOR 1
| #define PACKAGE_VERSION_PATCH 0
| #define STDC_HEADERS 1
| #define HAVE_SYS_TYPES_H 1
| #define HAVE_SYS_STAT_H 1
| #define HAVE_STDLIB_H 1
| #define HAVE_STRING_H 1
| #define HAVE_MEMORY_H 1
| #define HAVE_STRINGS_H 1
| #define HAVE_INTTYPES_H 1
| #define HAVE_STDINT_H 1
| #define HAVE_UNISTD_H 1
| #define HAVE_DLFCN_H 1
| #define LT_OBJDIR ".libs/"
| #define HAVE_LIBPTHREAD 1
| #define HAVE_LIBZMQ 1
| #define HAVE_LIBCZMQ 1
| #define HAVE_LIBSODIUM 1
| #define HAVE_LINUX 1
| #define STDC_HEADERS 1
| #define HAVE_ERRNO_H 1
| #define HAVE_ARPA_INET_H 1
| #define HAVE_NETINET_TCP_H 1
| #define HAVE_NETINET_IN_H 1
| #define HAVE_STDDEF_H 1
| #define HAVE_STDLIB_H 1
| #define HAVE_STRING_H 1
| #define HAVE_SYS_SOCKET_H 1
| #define HAVE_SYS_TIME_H 1
| #define HAVE_UNISTD_H 1
| #define HAVE_LIMITS_H 1
| #define HAVE_NET_IF_H 1
| #define HAVE_LINUX_WIRELESS_H 1
| #define HAVE__BOOL 1
| #define HAVE_STDBOOL_H 1
| /* end confdefs.h.  */
| #include <stdio.h>
| #ifdef HAVE_SYS_TYPES_H
| # include <sys/types.h>
| #endif
| #ifdef HAVE_SYS_STAT_H
| # include <sys/stat.h>
| #endif
| #ifdef STDC_HEADERS
| # include <stdlib.h>
| # include <stddef.h>
| #else
| # ifdef HAVE_STDLIB_H
| #  include <stdlib.h>
| # endif
| #endif
| #ifdef HAVE_STRING_H
| # if !defined STDC_HEADERS && defined HAVE_MEMORY_H
| #  include <memory.h>
| # endif
| # include <string.h>
| #endif
| #ifdef HAVE_STRINGS_H
| # include <strings.h>
| #endif
| #ifdef HAVE_INTTYPES_H
| # include <inttypes.h>
| #endif
| #ifdef HAVE_STDINT_H
| # include <stdint.h>
| #endif
| #ifdef HAVE_UNISTD_H
| # include <unistd.h>
| #endif
| int
| main ()
| {
| if (sizeof ((ssize_t)))
| 	    return 0;
|   ;
|   return 0;
| }
configure:13095: result: yes
configure:13106: checking whether time.h and sys/time.h may both be included
configure:13126: gcc -std=gnu99 -c -g -O2 -D_GNU_SOURCE -DLINUX -D_REENTRANT -D_THREAD_SAFE  conftest.c >&5
configure:13126: $? = 0
configure:13133: result: yes
configure:13141: checking for uint32_t
configure:13141: gcc -std=gnu99 -c -g -O2 -D_GNU_SOURCE -DLINUX -D_REENTRANT -D_THREAD_SAFE  conftest.c >&5
configure:13141: $? = 0
configure:13141: result: yes
configure:13155: checking for working volatile
configure:13174: gcc -std=gnu99 -c -g -O2 -D_GNU_SOURCE -DLINUX -D_REENTRANT -D_THREAD_SAFE  conftest.c >&5
configure:13174: $? = 0
configure:13181: result: yes
configure:13229: checking return type of signal handlers
configure:13247: gcc -std=gnu99 -c -g -O2 -pedantic -Werror -Wall -D_GNU_SOURCE -DLINUX -D_REENTRANT -D_THREAD_SAFE  conftest.c >&5
conftest.c: In function 'main':
conftest.c:54:1: error: void value not ignored as it ought to be
configure:13247: $? = 1
configure: failed program was:
| /* confdefs.h */
| #define PACKAGE_NAME "curve"
| #define PACKAGE_TARNAME "curve"
| #define PACKAGE_VERSION "1.1.0"
| #define PACKAGE_STRING "curve 1.1.0"
| #define PACKAGE_BUGREPORT "zeromq-dev@lists.zeromq.org"
| #define PACKAGE_URL ""
| #define PACKAGE "curve"
| #define VERSION "1.1.0"
| #define PACKAGE_VERSION_MAJOR 1
| #define PACKAGE_VERSION_MINOR 1
| #define PACKAGE_VERSION_PATCH 0
| #define STDC_HEADERS 1
| #define HAVE_SYS_TYPES_H 1
| #define HAVE_SYS_STAT_H 1
| #define HAVE_STDLIB_H 1
| #define HAVE_STRING_H 1
| #define HAVE_MEMORY_H 1
| #define HAVE_STRINGS_H 1
| #define HAVE_INTTYPES_H 1
| #define HAVE_STDINT_H 1
| #define HAVE_UNISTD_H 1
| #define HAVE_DLFCN_H 1
| #define LT_OBJDIR ".libs/"
| #define HAVE_LIBPTHREAD 1
| #define HAVE_LIBZMQ 1
| #define HAVE_LIBCZMQ 1
| #define HAVE_LIBSODIUM 1
| #define HAVE_LINUX 1
| #define STDC_HEADERS 1
| #define HAVE_ERRNO_H 1
| #define HAVE_ARPA_INET_H 1
| #define HAVE_NETINET_TCP_H 1
| #define HAVE_NETINET_IN_H 1
| #define HAVE_STDDEF_H 1
| #define HAVE_STDLIB_H 1
| #define HAVE_STRING_H 1
| #define HAVE_SYS_SOCKET_H 1
| #define HAVE_SYS_TIME_H 1
| #define HAVE_UNISTD_H 1
| #define HAVE_LIMITS_H 1
| #define HAVE_NET_IF_H 1
| #define HAVE_LINUX_WIRELESS_H 1
| #define HAVE__BOOL 1
| #define HAVE_STDBOOL_H 1
| #define TIME_WITH_SYS_TIME 1
| /* end confdefs.h.  */
| #include <sys/types.h>
| #include <signal.h>
| 
| int
| main ()
| {
| return *(signal (0, 0)) (0) == 1;
|   ;
|   return 0;
| }
configure:13254: result: void
configure:13265: checking for perror
configure:13265: gcc -std=gnu99 -o conftest -g -O2 -pedantic -Werror -Wall -D_GNU_SOURCE -DLINUX -D_REENTRANT -D_THREAD_SAFE   conftest.c -lsodium -lczmq -lzmq -lpthread  >&5
configure:13265: $? = 0
configure:13265: result: yes
configure:13265: checking for gettimeofday
configure:13265: gcc -std=gnu99 -o conftest -g -O2 -pedantic -Werror -Wall -D_GNU_SOURCE -DLINUX -D_REENTRANT -D_THREAD_SAFE   conftest.c -lsodium -lczmq -lzmq -lpthread  >&5
configure:13265: $? = 0
configure:13265: result: yes
configure:13265: checking for memset
configure:13265: gcc -std=gnu99 -o conftest -g -O2 -pedantic -Werror -Wall -D_GNU_SOURCE -DLINUX -D_REENTRANT -D_THREAD_SAFE   conftest.c -lsodium -lczmq -lzmq -lpthread  >&5
conftest.c:74:6: error: conflicting types for built-in function 'memset' [-Werror]
cc1: all warnings being treated as errors
configure:13265: $? = 1
configure: failed program was:
| /* confdefs.h */
| #define PACKAGE_NAME "curve"
| #define PACKAGE_TARNAME "curve"
| #define PACKAGE_VERSION "1.1.0"
| #define PACKAGE_STRING "curve 1.1.0"
| #define PACKAGE_BUGREPORT "zeromq-dev@lists.zeromq.org"
| #define PACKAGE_URL ""
| #define PACKAGE "curve"
| #define VERSION "1.1.0"
| #define PACKAGE_VERSION_MAJOR 1
| #define PACKAGE_VERSION_MINOR 1
| #define PACKAGE_VERSION_PATCH 0
| #define STDC_HEADERS 1
| #define HAVE_SYS_TYPES_H 1
| #define HAVE_SYS_STAT_H 1
| #define HAVE_STDLIB_H 1
| #define HAVE_STRING_H 1
| #define HAVE_MEMORY_H 1
| #define HAVE_STRINGS_H 1
| #define HAVE_INTTYPES_H 1
| #define HAVE_STDINT_H 1
| #define HAVE_UNISTD_H 1
| #define HAVE_DLFCN_H 1
| #define LT_OBJDIR ".libs/"
| #define HAVE_LIBPTHREAD 1
| #define HAVE_LIBZMQ 1
| #define HAVE_LIBCZMQ 1
| #define HAVE_LIBSODIUM 1
| #define HAVE_LINUX 1
| #define STDC_HEADERS 1
| #define HAVE_ERRNO_H 1
| #define HAVE_ARPA_INET_H 1
| #define HAVE_NETINET_TCP_H 1
| #define HAVE_NETINET_IN_H 1
| #define HAVE_STDDEF_H 1
| #define HAVE_STDLIB_H 1
| #define HAVE_STRING_H 1
| #define HAVE_SYS_SOCKET_H 1
| #define HAVE_SYS_TIME_H 1
| #define HAVE_UNISTD_H 1
| #define HAVE_LIMITS_H 1
| #define HAVE_NET_IF_H 1
| #define HAVE_LINUX_WIRELESS_H 1
| #define HAVE__BOOL 1
| #define HAVE_STDBOOL_H 1
| #define TIME_WITH_SYS_TIME 1
| #define RETSIGTYPE void
| #define HAVE_PERROR 1
| #define HAVE_GETTIMEOFDAY 1
| /* end confdefs.h.  */
| /* Define memset to an innocuous variant, in case <limits.h> declares memset.
|    For example, HP-UX 11i <limits.h> declares gettimeofday.  */
| #define memset innocuous_memset
| 
| /* System header to define __stub macros and hopefully few prototypes,
|     which can conflict with char memset (); below.
|     Prefer <limits.h> to <assert.h> if __STDC__ is defined, since
|     <limits.h> exists even on freestanding compilers.  */
| 
| #ifdef __STDC__
| # include <limits.h>
| #else
| # include <assert.h>
| #endif
| 
| #undef memset
| 
| /* Override any GCC internal prototype to avoid an error.
|    Use char because int might match the return type of a GCC
|    builtin and then its argument prototype would still apply.  */
| #ifdef __cplusplus
| extern "C"
| #endif
| char memset ();
| /* The GNU C library defines this for functions which it implements
|     to always fail with ENOSYS.  Some functions are actually named
|     something starting with __ and the normal name is an alias.  */
| #if defined __stub_memset || defined __stub___memset
| choke me
| #endif
| 
| int
| main ()
| {
| return memset ();
|   ;
|   return 0;
| }
configure:13265: result: no
configure:13265: checking for getifaddrs
configure:13265: gcc -std=gnu99 -o conftest -g -O2 -pedantic -Werror -Wall -D_GNU_SOURCE -DLINUX -D_REENTRANT -D_THREAD_SAFE   conftest.c -lsodium -lczmq -lzmq -lpthread  >&5
configure:13265: $? = 0
configure:13265: result: yes
configure:13265: checking for freeifaddrs
configure:13265: gcc -std=gnu99 -o conftest -g -O2 -pedantic -Werror -Wall -D_GNU_SOURCE -DLINUX -D_REENTRANT -D_THREAD_SAFE   conftest.c -lsodium -lczmq -lzmq -lpthread  >&5
configure:13265: $? = 0
configure:13265: result: yes
configure:13424: creating ./config.status

## ---------------------- ##
## Running config.status. ##
## ---------------------- ##

This file was extended by curve config.status 1.1.0, which was
generated by GNU Autoconf 2.68.  Invocation command line was

  CONFIG_FILES    = 
  CONFIG_HEADERS  = 
  CONFIG_LINKS    = 
  CONFIG_COMMANDS = 
  $ ./config.status 

on ip-172-31-45-234

config.status:1135: creating Makefile
config.status:1135: creating src/Makefile
config.status:1135: creating doc/Makefile
config.status:1135: creating src/libcurve.pc
config.status:1135: creating tools/Makefile
config.status:1135: creating src/platform.h
config.status:1316: src/platform.h is unchanged
config.status:1364: executing depfiles commands
config.status:1364: executing libtool commands

## ---------------- ##
## Cache variables. ##
## ---------------- ##

ac_cv_build=x86_64-unknown-linux-gnu
ac_cv_c_compiler_gnu=yes
ac_cv_c_const=yes
ac_cv_c_inline=inline
ac_cv_c_uint32_t=yes
ac_cv_c_volatile=yes
ac_cv_env_CC_set=
ac_cv_env_CC_value=
ac_cv_env_CFLAGS_set=
ac_cv_env_CFLAGS_value=
ac_cv_env_CPPFLAGS_set=
ac_cv_env_CPPFLAGS_value=
ac_cv_env_CPP_set=
ac_cv_env_CPP_value=
ac_cv_env_LDFLAGS_set=
ac_cv_env_LDFLAGS_value=
ac_cv_env_LIBS_set=
ac_cv_env_LIBS_value=
ac_cv_env_build_alias_set=
ac_cv_env_build_alias_value=
ac_cv_env_host_alias_set=
ac_cv_env_host_alias_value=
ac_cv_env_target_alias_set=
ac_cv_env_target_alias_value=
ac_cv_func_freeifaddrs=yes
ac_cv_func_getifaddrs=yes
ac_cv_func_gettimeofday=yes
ac_cv_func_memset=no
ac_cv_func_perror=yes
ac_cv_header_arpa_inet_h=yes
ac_cv_header_dlfcn_h=yes
ac_cv_header_errno_h=yes
ac_cv_header_inttypes_h=yes
ac_cv_header_limits_h=yes
ac_cv_header_linux_wireless_h=yes
ac_cv_header_memory_h=yes
ac_cv_header_net_if_h=yes
ac_cv_header_net_if_media_h=no
ac_cv_header_netinet_in_h=yes
ac_cv_header_netinet_tcp_h=yes
ac_cv_header_stdbool_h=yes
ac_cv_header_stdc=yes
ac_cv_header_stddef_h=yes
ac_cv_header_stdint_h=yes
ac_cv_header_stdlib_h=yes
ac_cv_header_string_h=yes
ac_cv_header_strings_h=yes
ac_cv_header_sys_socket_h=yes
ac_cv_header_sys_stat_h=yes
ac_cv_header_sys_time_h=yes
ac_cv_header_sys_types_h=yes
ac_cv_header_time=yes
ac_cv_header_unistd_h=yes
ac_cv_host=x86_64-unknown-linux-gnu
ac_cv_lib_czmq_zctx_new=yes
ac_cv_lib_pthread_pthread_create=yes
ac_cv_lib_sodium_sodium_init=yes
ac_cv_lib_zmq_zmq_init=yes
ac_cv_objext=o
ac_cv_path_EGREP='/bin/grep -E'
ac_cv_path_FGREP='/bin/grep -F'
ac_cv_path_GREP=/bin/grep
ac_cv_path_SED=/bin/sed
ac_cv_path_install='/usr/bin/install -c'
ac_cv_path_mkdir=/bin/mkdir
ac_cv_prog_AWK=mawk
ac_cv_prog_CPP='gcc -std=gnu99 -E'
ac_cv_prog_ac_ct_AR=ar
ac_cv_prog_ac_ct_CC=gcc
ac_cv_prog_ac_ct_DLLTOOL=dlltool
ac_cv_prog_ac_ct_MANIFEST_TOOL=mt
ac_cv_prog_ac_ct_OBJDUMP=objdump
ac_cv_prog_ac_ct_RANLIB=ranlib
ac_cv_prog_ac_ct_STRIP=strip
ac_cv_prog_cc_c89=
ac_cv_prog_cc_c99=-std=gnu99
ac_cv_prog_cc_g=yes
ac_cv_prog_cc_gcc_c_o=yes
ac_cv_prog_curve_have_asciidoc=no
ac_cv_prog_curve_have_xmlto=no
ac_cv_prog_make_make_set=yes
ac_cv_type__Bool=yes
ac_cv_type_signal=void
ac_cv_type_size_t=yes
ac_cv_type_ssize_t=yes
am_cv_CC_dependencies_compiler_type=gcc3
am_cv_prog_tar_ustar=gnutar
lt_cv_ar_at_file=@
lt_cv_archive_cmds_need_lc=no
lt_cv_deplibs_check_method=pass_all
lt_cv_file_magic_cmd='$MAGIC_CMD'
lt_cv_file_magic_test_file=
lt_cv_ld_reload_flag=-r
lt_cv_nm_interface='BSD nm'
lt_cv_objdir=.libs
lt_cv_path_LD=/usr/bin/ld
lt_cv_path_NM='/usr/bin/nm -B'
lt_cv_path_mainfest_tool=no
lt_cv_prog_compiler_c_o=yes
lt_cv_prog_compiler_pic='-fPIC -DPIC'
lt_cv_prog_compiler_pic_works=yes
lt_cv_prog_compiler_rtti_exceptions=no
lt_cv_prog_compiler_static_works=yes
lt_cv_prog_gnu_ld=yes
lt_cv_sharedlib_from_linklib_cmd='printf %s\n'
lt_cv_shlibpath_overrides_runpath=no
lt_cv_sys_global_symbol_pipe='sed -n -e '\''s/^.*[	 ]\([ABCDGIRSTW][ABCDGIRSTW]*\)[	 ][	 ]*\([_A-Za-z][_A-Za-z0-9]*\)$/\1 \2 \2/p'\'' | sed '\''/ __gnu_lto/d'\'''
lt_cv_sys_global_symbol_to_c_name_address='sed -n -e '\''s/^: \([^ ]*\)[ ]*$/  {\"\1\", (void *) 0},/p'\'' -e '\''s/^[ABCDGIRSTW]* \([^ ]*\) \([^ ]*\)$/  {"\2", (void *) \&\2},/p'\'''
lt_cv_sys_global_symbol_to_c_name_address_lib_prefix='sed -n -e '\''s/^: \([^ ]*\)[ ]*$/  {\"\1\", (void *) 0},/p'\'' -e '\''s/^[ABCDGIRSTW]* \([^ ]*\) \(lib[^ ]*\)$/  {"\2", (void *) \&\2},/p'\'' -e '\''s/^[ABCDGIRSTW]* \([^ ]*\) \([^ ]*\)$/  {"lib\2", (void *) \&\2},/p'\'''
lt_cv_sys_global_symbol_to_cdecl='sed -n -e '\''s/^T .* \(.*\)$/extern int \1();/p'\'' -e '\''s/^[ABCDGIRSTW]* .* \(.*\)$/extern char \1;/p'\'''
lt_cv_sys_max_cmd_len=1572864
lt_cv_to_host_file_cmd=func_convert_file_noop
lt_cv_to_tool_file_cmd=func_convert_file_noop

## ----------------- ##
## Output variables. ##
## ----------------- ##

ACLOCAL='${SHELL} /home/bitnami/ZMQ/full/config/missing --run aclocal-1.11'
AMDEPBACKSLASH='\'
AMDEP_FALSE='#'
AMDEP_TRUE=''
AMTAR='$${TAR-tar}'
AR='ar'
AS='as'
AUTOCONF='${SHELL} /home/bitnami/ZMQ/full/config/missing --run autoconf'
AUTOHEADER='${SHELL} /home/bitnami/ZMQ/full/config/missing --run autoheader'
AUTOMAKE='${SHELL} /home/bitnami/ZMQ/full/config/missing --run automake-1.11'
AWK='mawk'
BUILD_DOC_FALSE=''
BUILD_DOC_TRUE='#'
CC='gcc -std=gnu99'
CCDEPMODE='depmode=gcc3'
CFLAGS='-g -O2'
CPP='gcc -std=gnu99 -E'
CPPFLAGS='-pedantic -Werror -Wall -D_GNU_SOURCE -DLINUX -D_REENTRANT -D_THREAD_SAFE '
CYGPATH_W='echo'
DEFS='-DHAVE_CONFIG_H'
DEPDIR='.deps'
DLLTOOL='dlltool'
DSYMUTIL=''
DUMPBIN=''
ECHO_C=''
ECHO_N='-n'
ECHO_T=''
EGREP='/bin/grep -E'
EXEEXT=''
FGREP='/bin/grep -F'
GREP='/bin/grep'
INSTALL_DATA='${INSTALL} -m 644'
INSTALL_MAN_FALSE=''
INSTALL_MAN_TRUE='#'
INSTALL_PROGRAM='${INSTALL}'
INSTALL_SCRIPT='${INSTALL}'
INSTALL_STRIP_PROGRAM='$(install_sh) -c -s'
LD='/usr/bin/ld -m elf_x86_64'
LDFLAGS=''
LIBOBJS=''
LIBS='-lsodium -lczmq -lzmq -lpthread '
LIBTOOL='$(SHELL) $(top_builddir)/libtool'
LIPO=''
LN_S='ln -s'
LTLIBOBJS=''
LTVER='1:0:0'
MAKEINFO='${SHELL} /home/bitnami/ZMQ/full/config/missing --run makeinfo'
MANIFEST_TOOL=':'
MKDIR_P='/bin/mkdir -p'
NM='/usr/bin/nm -B'
NMEDIT=''
OBJDUMP='objdump'
OBJEXT='o'
ON_ANDROID_FALSE=''
ON_ANDROID_TRUE='#'
ON_MINGW_FALSE=''
ON_MINGW_TRUE='#'
OTOOL64=''
OTOOL=''
PACKAGE='curve'
PACKAGE_BUGREPORT='zeromq-dev@lists.zeromq.org'
PACKAGE_NAME='curve'
PACKAGE_STRING='curve 1.1.0'
PACKAGE_TARNAME='curve'
PACKAGE_URL=''
PACKAGE_VERSION='1.1.0'
PATH_SEPARATOR=':'
RANLIB='ranlib'
SED='/bin/sed'
SET_MAKE=''
SHELL='/bin/bash'
STRIP='strip'
VERSION='1.1.0'
ac_ct_AR='ar'
ac_ct_CC='gcc'
ac_ct_DUMPBIN=''
am__EXEEXT_FALSE=''
am__EXEEXT_TRUE='#'
am__fastdepCC_FALSE='#'
am__fastdepCC_TRUE=''
am__include='include'
am__isrc=''
am__leading_dot='.'
am__nodep='_no'
am__quote=''
am__tar='tar --format=ustar -chf - "$$tardir"'
am__untar='tar -xf -'
bindir='${exec_prefix}/bin'
build='x86_64-unknown-linux-gnu'
build_alias=''
build_cpu='x86_64'
build_os='linux-gnu'
build_vendor='unknown'
curve_have_asciidoc='no'
curve_have_xmlto='no'
datadir='${datarootdir}'
datarootdir='${prefix}/share'
docdir='${datarootdir}/doc/${PACKAGE_TARNAME}'
dvidir='${docdir}'
exec_prefix='${prefix}'
host='x86_64-unknown-linux-gnu'
host_alias=''
host_cpu='x86_64'
host_os='linux-gnu'
host_vendor='unknown'
htmldir='${docdir}'
includedir='${prefix}/include'
infodir='${datarootdir}/info'
install_sh='${SHELL} /home/bitnami/ZMQ/full/config/install-sh'
libdir='${exec_prefix}/lib'
libexecdir='${exec_prefix}/libexec'
localedir='${datarootdir}/locale'
localstatedir='${prefix}/var'
mandir='${datarootdir}/man'
mkdir_p='/bin/mkdir -p'
oldincludedir='/usr/include'
pdfdir='${docdir}'
prefix='/usr/local'
program_transform_name='s,x,x,'
psdir='${docdir}'
sbindir='${exec_prefix}/sbin'
sharedstatedir='${prefix}/com'
sysconfdir='${prefix}/etc'
target_alias=''

## ----------- ##
## confdefs.h. ##
## ----------- ##

/* confdefs.h */
#define PACKAGE_NAME "curve"
#define PACKAGE_TARNAME "curve"
#define PACKAGE_VERSION "1.1.0"
#define PACKAGE_STRING "curve 1.1.0"
#define PACKAGE_BUGREPORT "zeromq-dev@lists.zeromq.org"
#define PACKAGE_URL ""
#define PACKAGE "curve"
#define VERSION "1.1.0"
#define PACKAGE_VERSION_MAJOR 1
#define PACKAGE_VERSION_MINOR 1
#define PACKAGE_VERSION_PATCH 0
#define STDC_HEADERS 1
#define HAVE_SYS_TYPES_H 1
#define HAVE_SYS_STAT_H 1
#define HAVE_STDLIB_H 1
#define HAVE_STRING_H 1
#define HAVE_MEMORY_H 1
#define HAVE_STRINGS_H 1
#define HAVE_INTTYPES_H 1
#define HAVE_STDINT_H 1
#define HAVE_UNISTD_H 1
#define HAVE_DLFCN_H 1
#define LT_OBJDIR ".libs/"
#define HAVE_LIBPTHREAD 1
#define HAVE_LIBZMQ 1
#define HAVE_LIBCZMQ 1
#define HAVE_LIBSODIUM 1
#define HAVE_LINUX 1
#define STDC_HEADERS 1
#define HAVE_ERRNO_H 1
#define HAVE_ARPA_INET_H 1
#define HAVE_NETINET_TCP_H 1
#define HAVE_NETINET_IN_H 1
#define HAVE_STDDEF_H 1
#define HAVE_STDLIB_H 1
#define HAVE_STRING_H 1
#define HAVE_SYS_SOCKET_H 1
#define HAVE_SYS_TIME_H 1
#define HAVE_UNISTD_H 1
#define HAVE_LIMITS_H 1
#define HAVE_NET_IF_H 1
#define HAVE_LINUX_WIRELESS_H 1
#define HAVE__BOOL 1
#define HAVE_STDBOOL_H 1
#define TIME_WITH_SYS_TIME 1
#define RETSIGTYPE void
#define HAVE_PERROR 1
#define HAVE_GETTIMEOFDAY 1
#define HAVE_GETIFADDRS 1
#define HAVE_FREEIFADDRS 1

configure: exit 0
